running egg_info
writing ../../build/joy_can/joy_can.egg-info/PKG-INFO
writing dependency_links to ../../build/joy_can/joy_can.egg-info/dependency_links.txt
writing entry points to ../../build/joy_can/joy_can.egg-info/entry_points.txt
writing requirements to ../../build/joy_can/joy_can.egg-info/requires.txt
writing top-level names to ../../build/joy_can/joy_can.egg-info/top_level.txt
reading manifest file '../../build/joy_can/joy_can.egg-info/SOURCES.txt'
writing manifest file '../../build/joy_can/joy_can.egg-info/SOURCES.txt'
running build
running build_py
copying joy_can/joy_can.py -> /home/kohki/HONROBO_WS/build/joy_can/build/lib/joy_can
running install
running install_lib
copying /home/kohki/HONROBO_WS/build/joy_can/build/lib/joy_can/joy_can.py -> /home/kohki/HONROBO_WS/install/joy_can/lib/python3.10/site-packages/joy_can
byte-compiling /home/kohki/HONROBO_WS/install/joy_can/lib/python3.10/site-packages/joy_can/joy_can.py to joy_can.cpython-310.pyc
running install_data
running install_egg_info
removing '/home/kohki/HONROBO_WS/install/joy_can/lib/python3.10/site-packages/joy_can-0.0.0-py3.10.egg-info' (and everything under it)
Copying ../../build/joy_can/joy_can.egg-info to /home/kohki/HONROBO_WS/install/joy_can/lib/python3.10/site-packages/joy_can-0.0.0-py3.10.egg-info
running install_scripts
Installing joy_can script to /home/kohki/HONROBO_WS/install/joy_can/lib/joy_can
writing list of installed files to '/home/kohki/HONROBO_WS/build/joy_can/install.log'
