[0.471s] Invoking command in '/home/kohki/HONROBO_WS/joy_can/joy_can': PYTHONPATH=/home/kohki/HONROBO_WS/build/joy_can/prefix_override:/home/kohki/HONROBO_WS/install/joy_can/lib/python3.10/site-packages:${PYTHONPATH} /usr/bin/python3 setup.py egg_info --egg-base ../../build/joy_can build --build-base /home/kohki/HONROBO_WS/build/joy_can/build install --record /home/kohki/HONROBO_WS/build/joy_can/install.log --single-version-externally-managed
[0.721s] running egg_info
[0.721s] writing ../../build/joy_can/joy_can.egg-info/PKG-INFO
[0.722s] writing dependency_links to ../../build/joy_can/joy_can.egg-info/dependency_links.txt
[0.722s] writing entry points to ../../build/joy_can/joy_can.egg-info/entry_points.txt
[0.722s] writing requirements to ../../build/joy_can/joy_can.egg-info/requires.txt
[0.722s] writing top-level names to ../../build/joy_can/joy_can.egg-info/top_level.txt
[0.724s] reading manifest file '../../build/joy_can/joy_can.egg-info/SOURCES.txt'
[0.725s] writing manifest file '../../build/joy_can/joy_can.egg-info/SOURCES.txt'
[0.725s] running build
[0.725s] running build_py
[0.725s] copying joy_can/joy_can.py -> /home/kohki/HONROBO_WS/build/joy_can/build/lib/joy_can
[0.725s] running install
[0.726s] running install_lib
[0.727s] copying /home/kohki/HONROBO_WS/build/joy_can/build/lib/joy_can/joy_can.py -> /home/kohki/HONROBO_WS/install/joy_can/lib/python3.10/site-packages/joy_can
[0.727s] byte-compiling /home/kohki/HONROBO_WS/install/joy_can/lib/python3.10/site-packages/joy_can/joy_can.py to joy_can.cpython-310.pyc
[0.729s] running install_data
[0.730s] running install_egg_info
[0.732s] removing '/home/kohki/HONROBO_WS/install/joy_can/lib/python3.10/site-packages/joy_can-0.0.0-py3.10.egg-info' (and everything under it)
[0.732s] Copying ../../build/joy_can/joy_can.egg-info to /home/kohki/HONROBO_WS/install/joy_can/lib/python3.10/site-packages/joy_can-0.0.0-py3.10.egg-info
[0.733s] running install_scripts
[0.751s] Installing joy_can script to /home/kohki/HONROBO_WS/install/joy_can/lib/joy_can
[0.751s] writing list of installed files to '/home/kohki/HONROBO_WS/build/joy_can/install.log'
[0.770s] Invoked command in '/home/kohki/HONROBO_WS/joy_can/joy_can' returned '0': PYTHONPATH=/home/kohki/HONROBO_WS/build/joy_can/prefix_override:/home/kohki/HONROBO_WS/install/joy_can/lib/python3.10/site-packages:${PYTHONPATH} /usr/bin/python3 setup.py egg_info --egg-base ../../build/joy_can build --build-base /home/kohki/HONROBO_WS/build/joy_can/build install --record /home/kohki/HONROBO_WS/build/joy_can/install.log --single-version-externally-managed
