[0.408s] Invoking command in '/home/kohki/HONROBO_WS/joy_can/joy_can': PYTHONPATH=/home/kohki/HONROBO_WS/joy_can/build/joy_can/prefix_override:/home/kohki/HONROBO_WS/joy_can/install/joy_can/lib/python3.10/site-packages:${PYTHONPATH} /usr/bin/python3 setup.py egg_info --egg-base ../build/joy_can build --build-base /home/kohki/HONROBO_WS/joy_can/build/joy_can/build install --record /home/kohki/HONROBO_WS/joy_can/build/joy_can/install.log --single-version-externally-managed
[0.569s] running egg_info
[0.570s] writing ../build/joy_can/joy_can.egg-info/PKG-INFO
[0.570s] writing dependency_links to ../build/joy_can/joy_can.egg-info/dependency_links.txt
[0.570s] writing entry points to ../build/joy_can/joy_can.egg-info/entry_points.txt
[0.570s] writing requirements to ../build/joy_can/joy_can.egg-info/requires.txt
[0.570s] writing top-level names to ../build/joy_can/joy_can.egg-info/top_level.txt
[0.571s] reading manifest file '../build/joy_can/joy_can.egg-info/SOURCES.txt'
[0.572s] writing manifest file '../build/joy_can/joy_can.egg-info/SOURCES.txt'
[0.572s] running build
[0.572s] running build_py
[0.572s] running install
[0.572s] running install_lib
[0.573s] running install_data
[0.573s] running install_egg_info
[0.574s] removing '/home/kohki/HONROBO_WS/joy_can/install/joy_can/lib/python3.10/site-packages/joy_can-0.0.0-py3.10.egg-info' (and everything under it)
[0.574s] Copying ../build/joy_can/joy_can.egg-info to /home/kohki/HONROBO_WS/joy_can/install/joy_can/lib/python3.10/site-packages/joy_can-0.0.0-py3.10.egg-info
[0.575s] running install_scripts
[0.589s] Installing joy_can script to /home/kohki/HONROBO_WS/joy_can/install/joy_can/lib/joy_can
[0.589s] writing list of installed files to '/home/kohki/HONROBO_WS/joy_can/build/joy_can/install.log'
[0.608s] Invoked command in '/home/kohki/HONROBO_WS/joy_can/joy_can' returned '0': PYTHONPATH=/home/kohki/HONROBO_WS/joy_can/build/joy_can/prefix_override:/home/kohki/HONROBO_WS/joy_can/install/joy_can/lib/python3.10/site-packages:${PYTHONPATH} /usr/bin/python3 setup.py egg_info --egg-base ../build/joy_can build --build-base /home/kohki/HONROBO_WS/joy_can/build/joy_can/build install --record /home/kohki/HONROBO_WS/joy_can/build/joy_can/install.log --single-version-externally-managed
