[0.477s] Invoking command in '/home/kohki/HONROBO_WS/joy_can/joy_can': PYTHONPATH=/home/kohki/HONROBO_WS/build/joy_can/prefix_override:/home/kohki/HONROBO_WS/install/joy_can/lib/python3.10/site-packages:${PYTHONPATH} /usr/bin/python3 setup.py egg_info --egg-base ../../build/joy_can build --build-base /home/kohki/HONROBO_WS/build/joy_can/build install --record /home/kohki/HONROBO_WS/build/joy_can/install.log --single-version-externally-managed
[0.695s] running egg_info
[0.695s] creating ../../build/joy_can/joy_can.egg-info
[0.695s] writing ../../build/joy_can/joy_can.egg-info/PKG-INFO
[0.695s] writing dependency_links to ../../build/joy_can/joy_can.egg-info/dependency_links.txt
[0.695s] writing entry points to ../../build/joy_can/joy_can.egg-info/entry_points.txt
[0.695s] writing requirements to ../../build/joy_can/joy_can.egg-info/requires.txt
[0.695s] writing top-level names to ../../build/joy_can/joy_can.egg-info/top_level.txt
[0.695s] writing manifest file '../../build/joy_can/joy_can.egg-info/SOURCES.txt'
[0.697s] reading manifest file '../../build/joy_can/joy_can.egg-info/SOURCES.txt'
[0.697s] writing manifest file '../../build/joy_can/joy_can.egg-info/SOURCES.txt'
[0.698s] running build
[0.698s] running build_py
[0.698s] creating /home/kohki/HONROBO_WS/build/joy_can/build
[0.698s] creating /home/kohki/HONROBO_WS/build/joy_can/build/lib
[0.698s] creating /home/kohki/HONROBO_WS/build/joy_can/build/lib/joy_can
[0.698s] copying joy_can/__init__.py -> /home/kohki/HONROBO_WS/build/joy_can/build/lib/joy_can
[0.698s] copying joy_can/joy_can.py -> /home/kohki/HONROBO_WS/build/joy_can/build/lib/joy_can
[0.698s] copying joy_can/UsbCan.py -> /home/kohki/HONROBO_WS/build/joy_can/build/lib/joy_can
[0.698s] running install
[0.698s] running install_lib
[0.699s] creating /home/kohki/HONROBO_WS/install/joy_can/lib/python3.10/site-packages/joy_can
[0.699s] copying /home/kohki/HONROBO_WS/build/joy_can/build/lib/joy_can/__init__.py -> /home/kohki/HONROBO_WS/install/joy_can/lib/python3.10/site-packages/joy_can
[0.699s] copying /home/kohki/HONROBO_WS/build/joy_can/build/lib/joy_can/joy_can.py -> /home/kohki/HONROBO_WS/install/joy_can/lib/python3.10/site-packages/joy_can
[0.699s] copying /home/kohki/HONROBO_WS/build/joy_can/build/lib/joy_can/UsbCan.py -> /home/kohki/HONROBO_WS/install/joy_can/lib/python3.10/site-packages/joy_can
[0.699s] byte-compiling /home/kohki/HONROBO_WS/install/joy_can/lib/python3.10/site-packages/joy_can/__init__.py to __init__.cpython-310.pyc
[0.699s] byte-compiling /home/kohki/HONROBO_WS/install/joy_can/lib/python3.10/site-packages/joy_can/joy_can.py to joy_can.cpython-310.pyc
[0.700s] byte-compiling /home/kohki/HONROBO_WS/install/joy_can/lib/python3.10/site-packages/joy_can/UsbCan.py to UsbCan.cpython-310.pyc
[0.700s] running install_data
[0.701s] creating /home/kohki/HONROBO_WS/install/joy_can/share/ament_index
[0.701s] creating /home/kohki/HONROBO_WS/install/joy_can/share/ament_index/resource_index
[0.701s] creating /home/kohki/HONROBO_WS/install/joy_can/share/ament_index/resource_index/packages
[0.701s] copying resource/joy_can -> /home/kohki/HONROBO_WS/install/joy_can/share/ament_index/resource_index/packages
[0.701s] copying package.xml -> /home/kohki/HONROBO_WS/install/joy_can/share/joy_can
[0.701s] running install_egg_info
[0.702s] Copying ../../build/joy_can/joy_can.egg-info to /home/kohki/HONROBO_WS/install/joy_can/lib/python3.10/site-packages/joy_can-0.0.0-py3.10.egg-info
[0.703s] running install_scripts
[0.716s] Installing joy_can script to /home/kohki/HONROBO_WS/install/joy_can/lib/joy_can
[0.716s] writing list of installed files to '/home/kohki/HONROBO_WS/build/joy_can/install.log'
[0.736s] Invoked command in '/home/kohki/HONROBO_WS/joy_can/joy_can' returned '0': PYTHONPATH=/home/kohki/HONROBO_WS/build/joy_can/prefix_override:/home/kohki/HONROBO_WS/install/joy_can/lib/python3.10/site-packages:${PYTHONPATH} /usr/bin/python3 setup.py egg_info --egg-base ../../build/joy_can build --build-base /home/kohki/HONROBO_WS/build/joy_can/build install --record /home/kohki/HONROBO_WS/build/joy_can/install.log --single-version-externally-managed
