[0.223s] DEBUG:colcon:Command line arguments: ['/usr/bin/colcon', 'build']
[0.223s] DEBUG:colcon:Parsed command line arguments: Namespace(log_base=None, log_level=None, verb_name='build', build_base='build', install_base='install', merge_install=False, symlink_install=False, test_result_base=None, continue_on_error=False, executor='parallel', parallel_workers=12, event_handlers=None, ignore_user_meta=False, metas=['./colcon.meta'], base_paths=['.'], packages_ignore=None, packages_ignore_regex=None, paths=None, packages_up_to=None, packages_up_to_regex=None, packages_above=None, packages_above_and_dependencies=None, packages_above_depth=None, packages_select_by_dep=None, packages_skip_by_dep=None, packages_skip_up_to=None, packages_select_build_failed=False, packages_skip_build_finished=False, packages_select_test_failures=False, packages_skip_test_passed=False, packages_select=None, packages_skip=None, packages_select_regex=None, packages_skip_regex=None, packages_start=None, packages_end=None, allow_overriding=[], cmake_args=None, cmake_target=None, cmake_target_skip_unavailable=False, cmake_clean_cache=False, cmake_clean_first=False, cmake_force_configure=False, ament_cmake_args=None, catkin_cmake_args=None, catkin_skip_building_tests=False, verb_parser=<colcon_defaults.argument_parser.defaults.DefaultArgumentsDecorator object at 0x7f6dfbcbafb0>, verb_extension=<colcon_core.verb.build.BuildVerb object at 0x7f6dfbcbaa40>, main=<bound method BuildVerb.main of <colcon_core.verb.build.BuildVerb object at 0x7f6dfbcbaa40>>)
[0.240s] Level 1:colcon.colcon_core.package_discovery:discover_packages(colcon_meta) check parameters
[0.240s] Level 1:colcon.colcon_core.package_discovery:discover_packages(recursive) check parameters
[0.240s] Level 1:colcon.colcon_core.package_discovery:discover_packages(ignore) check parameters
[0.240s] Level 1:colcon.colcon_core.package_discovery:discover_packages(path) check parameters
[0.240s] Level 1:colcon.colcon_core.package_discovery:discover_packages(colcon_meta) discover
[0.240s] Level 1:colcon.colcon_core.package_discovery:discover_packages(recursive) discover
[0.240s] INFO:colcon.colcon_core.package_discovery:Crawling recursively for packages in '/home/kohki/HONROBO_WS/joy_can/joy_can'
[0.241s] Level 1:colcon.colcon_core.package_identification:_identify(.) by extensions ['ignore', 'ignore_ament_install']
[0.241s] Level 1:colcon.colcon_core.package_identification:_identify(.) by extension 'ignore'
[0.241s] Level 1:colcon.colcon_core.package_identification:_identify(.) by extension 'ignore_ament_install'
[0.241s] Level 1:colcon.colcon_core.package_identification:_identify(.) by extensions ['colcon_pkg']
[0.241s] Level 1:colcon.colcon_core.package_identification:_identify(.) by extension 'colcon_pkg'
[0.241s] Level 1:colcon.colcon_core.package_identification:_identify(.) by extensions ['colcon_meta']
[0.241s] Level 1:colcon.colcon_core.package_identification:_identify(.) by extension 'colcon_meta'
[0.241s] Level 1:colcon.colcon_core.package_identification:_identify(.) by extensions ['ros']
[0.241s] Level 1:colcon.colcon_core.package_identification:_identify(.) by extension 'ros'
[0.251s] DEBUG:colcon.colcon_core.package_identification:Package '.' with type 'ros.ament_python' and name 'joy_can'
[0.251s] Level 1:colcon.colcon_core.package_discovery:discover_packages(recursive) using defaults
[0.251s] Level 1:colcon.colcon_core.package_discovery:discover_packages(ignore) discover
[0.251s] Level 1:colcon.colcon_core.package_discovery:discover_packages(ignore) using defaults
[0.251s] Level 1:colcon.colcon_core.package_discovery:discover_packages(path) discover
[0.251s] Level 1:colcon.colcon_core.package_discovery:discover_packages(path) using defaults
[0.269s] Level 1:colcon.colcon_core.package_discovery:discover_packages(prefix_path) check parameters
[0.269s] Level 1:colcon.colcon_core.package_discovery:discover_packages(prefix_path) discover
[0.271s] DEBUG:colcon.colcon_installed_package_information.package_discovery:Found 1 installed packages in /home/kohki/HONROBO_WS/joy_can/joy_can/install
[0.272s] DEBUG:colcon.colcon_installed_package_information.package_discovery:Found 290 installed packages in /opt/ros/humble
[0.273s] Level 1:colcon.colcon_core.package_discovery:discover_packages(prefix_path) using defaults
[0.316s] Level 5:colcon.colcon_core.verb:set package 'joy_can' build argument 'cmake_args' from command line to 'None'
[0.316s] Level 5:colcon.colcon_core.verb:set package 'joy_can' build argument 'cmake_target' from command line to 'None'
[0.316s] Level 5:colcon.colcon_core.verb:set package 'joy_can' build argument 'cmake_target_skip_unavailable' from command line to 'False'
[0.316s] Level 5:colcon.colcon_core.verb:set package 'joy_can' build argument 'cmake_clean_cache' from command line to 'False'
[0.316s] Level 5:colcon.colcon_core.verb:set package 'joy_can' build argument 'cmake_clean_first' from command line to 'False'
[0.316s] Level 5:colcon.colcon_core.verb:set package 'joy_can' build argument 'cmake_force_configure' from command line to 'False'
[0.316s] Level 5:colcon.colcon_core.verb:set package 'joy_can' build argument 'ament_cmake_args' from command line to 'None'
[0.316s] Level 5:colcon.colcon_core.verb:set package 'joy_can' build argument 'catkin_cmake_args' from command line to 'None'
[0.316s] Level 5:colcon.colcon_core.verb:set package 'joy_can' build argument 'catkin_skip_building_tests' from command line to 'False'
[0.316s] DEBUG:colcon.colcon_core.verb:Building package 'joy_can' with the following arguments: {'ament_cmake_args': None, 'build_base': '/home/kohki/HONROBO_WS/joy_can/joy_can/build/joy_can', 'catkin_cmake_args': None, 'catkin_skip_building_tests': False, 'cmake_args': None, 'cmake_clean_cache': False, 'cmake_clean_first': False, 'cmake_force_configure': False, 'cmake_target': None, 'cmake_target_skip_unavailable': False, 'install_base': '/home/kohki/HONROBO_WS/joy_can/joy_can/install/joy_can', 'merge_install': False, 'path': '/home/kohki/HONROBO_WS/joy_can/joy_can', 'symlink_install': False, 'test_result_base': None}
[0.317s] INFO:colcon.colcon_core.executor:Executing jobs using 'parallel' executor
[0.320s] DEBUG:colcon.colcon_parallel_executor.executor.parallel:run_until_complete
[0.320s] INFO:colcon.colcon_ros.task.ament_python.build:Building ROS package in '/home/kohki/HONROBO_WS/joy_can/joy_can' with build type 'ament_python'
[0.320s] Level 1:colcon.colcon_core.shell:create_environment_hook('joy_can', 'ament_prefix_path')
[0.323s] INFO:colcon.colcon_core.plugin_system:Skipping extension 'colcon_core.shell.bat': Not used on non-Windows systems
[0.323s] INFO:colcon.colcon_core.shell:Creating environment hook '/home/kohki/HONROBO_WS/joy_can/joy_can/install/joy_can/share/joy_can/hook/ament_prefix_path.ps1'
[0.324s] INFO:colcon.colcon_core.shell:Creating environment descriptor '/home/kohki/HONROBO_WS/joy_can/joy_can/install/joy_can/share/joy_can/hook/ament_prefix_path.dsv'
[0.324s] INFO:colcon.colcon_core.shell:Creating environment hook '/home/kohki/HONROBO_WS/joy_can/joy_can/install/joy_can/share/joy_can/hook/ament_prefix_path.sh'
[0.325s] INFO:colcon.colcon_core.shell:Skip shell extension 'powershell' for command environment: Not usable outside of PowerShell
[0.325s] DEBUG:colcon.colcon_core.shell:Skip shell extension 'dsv' for command environment
[0.511s] INFO:colcon.colcon_core.task.python.build:Building Python package in '/home/kohki/HONROBO_WS/joy_can/joy_can'
[0.512s] INFO:colcon.colcon_core.shell:Skip shell extension 'powershell' for command environment: Not usable outside of PowerShell
[0.512s] DEBUG:colcon.colcon_core.shell:Skip shell extension 'dsv' for command environment
[0.743s] DEBUG:colcon.colcon_core.event_handler.log_command:Invoking command in '/home/kohki/HONROBO_WS/joy_can/joy_can': PYTHONPATH=/home/kohki/HONROBO_WS/joy_can/joy_can/build/joy_can/prefix_override:/home/kohki/HONROBO_WS/joy_can/joy_can/install/joy_can/lib/python3.10/site-packages:${PYTHONPATH} /usr/bin/python3 setup.py egg_info --egg-base build/joy_can build --build-base /home/kohki/HONROBO_WS/joy_can/joy_can/build/joy_can/build install --record /home/kohki/HONROBO_WS/joy_can/joy_can/build/joy_can/install.log --single-version-externally-managed
[1.002s] DEBUG:colcon.colcon_core.event_handler.log_command:Invoked command in '/home/kohki/HONROBO_WS/joy_can/joy_can' returned '0': PYTHONPATH=/home/kohki/HONROBO_WS/joy_can/joy_can/build/joy_can/prefix_override:/home/kohki/HONROBO_WS/joy_can/joy_can/install/joy_can/lib/python3.10/site-packages:${PYTHONPATH} /usr/bin/python3 setup.py egg_info --egg-base build/joy_can build --build-base /home/kohki/HONROBO_WS/joy_can/joy_can/build/joy_can/build install --record /home/kohki/HONROBO_WS/joy_can/joy_can/build/joy_can/install.log --single-version-externally-managed
[1.004s] Level 1:colcon.colcon_core.environment:checking '/home/kohki/HONROBO_WS/joy_can/joy_can/install/joy_can' for CMake module files
[1.004s] Level 1:colcon.colcon_core.environment:checking '/home/kohki/HONROBO_WS/joy_can/joy_can/install/joy_can' for CMake config files
[1.005s] Level 1:colcon.colcon_core.environment:checking '/home/kohki/HONROBO_WS/joy_can/joy_can/install/joy_can/lib'
[1.005s] Level 1:colcon.colcon_core.environment:checking '/home/kohki/HONROBO_WS/joy_can/joy_can/install/joy_can/bin'
[1.005s] Level 1:colcon.colcon_core.environment:checking '/home/kohki/HONROBO_WS/joy_can/joy_can/install/joy_can/lib/pkgconfig/joy_can.pc'
[1.005s] Level 1:colcon.colcon_core.environment:checking '/home/kohki/HONROBO_WS/joy_can/joy_can/install/joy_can/lib/python3.10/site-packages'
[1.005s] Level 1:colcon.colcon_core.shell:create_environment_hook('joy_can', 'pythonpath')
[1.006s] INFO:colcon.colcon_core.shell:Creating environment hook '/home/kohki/HONROBO_WS/joy_can/joy_can/install/joy_can/share/joy_can/hook/pythonpath.ps1'
[1.006s] INFO:colcon.colcon_core.shell:Creating environment descriptor '/home/kohki/HONROBO_WS/joy_can/joy_can/install/joy_can/share/joy_can/hook/pythonpath.dsv'
[1.007s] INFO:colcon.colcon_core.shell:Creating environment hook '/home/kohki/HONROBO_WS/joy_can/joy_can/install/joy_can/share/joy_can/hook/pythonpath.sh'
[1.007s] Level 1:colcon.colcon_core.environment:checking '/home/kohki/HONROBO_WS/joy_can/joy_can/install/joy_can/bin'
[1.007s] Level 1:colcon.colcon_core.environment:create_environment_scripts_only(joy_can)
[1.008s] INFO:colcon.colcon_core.shell:Creating package script '/home/kohki/HONROBO_WS/joy_can/joy_can/install/joy_can/share/joy_can/package.ps1'
[1.009s] INFO:colcon.colcon_core.shell:Creating package descriptor '/home/kohki/HONROBO_WS/joy_can/joy_can/install/joy_can/share/joy_can/package.dsv'
[1.009s] INFO:colcon.colcon_core.shell:Creating package script '/home/kohki/HONROBO_WS/joy_can/joy_can/install/joy_can/share/joy_can/package.sh'
[1.009s] INFO:colcon.colcon_core.shell:Creating package script '/home/kohki/HONROBO_WS/joy_can/joy_can/install/joy_can/share/joy_can/package.bash'
[1.010s] INFO:colcon.colcon_core.shell:Creating package script '/home/kohki/HONROBO_WS/joy_can/joy_can/install/joy_can/share/joy_can/package.zsh'
[1.011s] Level 1:colcon.colcon_core.environment:create_file_with_runtime_dependencies(/home/kohki/HONROBO_WS/joy_can/joy_can/install/joy_can/share/colcon-core/packages/joy_can)
[1.011s] DEBUG:colcon.colcon_parallel_executor.executor.parallel:closing loop
[1.011s] DEBUG:colcon.colcon_parallel_executor.executor.parallel:loop closed
[1.011s] DEBUG:colcon.colcon_parallel_executor.executor.parallel:run_until_complete finished with '0'
[1.011s] DEBUG:colcon.colcon_core.event_reactor:joining thread
[1.014s] INFO:colcon.colcon_core.plugin_system:Skipping extension 'colcon_notification.desktop_notification.terminal_notifier': Not used on non-Darwin systems
[1.014s] INFO:colcon.colcon_core.plugin_system:Skipping extension 'colcon_notification.desktop_notification.win32': Not used on non-Windows systems
[1.015s] INFO:colcon.colcon_notification.desktop_notification:Sending desktop notification using 'notify2'
[1.022s] DEBUG:colcon.colcon_core.event_reactor:joined thread
[1.024s] INFO:colcon.colcon_core.shell:Creating prefix script '/home/kohki/HONROBO_WS/joy_can/joy_can/install/local_setup.ps1'
[1.025s] INFO:colcon.colcon_core.shell:Creating prefix util module '/home/kohki/HONROBO_WS/joy_can/joy_can/install/_local_setup_util_ps1.py'
[1.026s] INFO:colcon.colcon_core.shell:Creating prefix chain script '/home/kohki/HONROBO_WS/joy_can/joy_can/install/setup.ps1'
[1.027s] INFO:colcon.colcon_core.shell:Creating prefix script '/home/kohki/HONROBO_WS/joy_can/joy_can/install/local_setup.sh'
[1.027s] INFO:colcon.colcon_core.shell:Creating prefix util module '/home/kohki/HONROBO_WS/joy_can/joy_can/install/_local_setup_util_sh.py'
[1.028s] INFO:colcon.colcon_core.shell:Creating prefix chain script '/home/kohki/HONROBO_WS/joy_can/joy_can/install/setup.sh'
[1.029s] INFO:colcon.colcon_core.shell:Creating prefix script '/home/kohki/HONROBO_WS/joy_can/joy_can/install/local_setup.bash'
[1.029s] INFO:colcon.colcon_core.shell:Creating prefix chain script '/home/kohki/HONROBO_WS/joy_can/joy_can/install/setup.bash'
[1.030s] INFO:colcon.colcon_core.shell:Creating prefix script '/home/kohki/HONROBO_WS/joy_can/joy_can/install/local_setup.zsh'
[1.030s] INFO:colcon.colcon_core.shell:Creating prefix chain script '/home/kohki/HONROBO_WS/joy_can/joy_can/install/setup.zsh'
