running egg_info
writing ../build/joy_can/joy_can.egg-info/PKG-INFO
writing dependency_links to ../build/joy_can/joy_can.egg-info/dependency_links.txt
writing entry points to ../build/joy_can/joy_can.egg-info/entry_points.txt
writing requirements to ../build/joy_can/joy_can.egg-info/requires.txt
writing top-level names to ../build/joy_can/joy_can.egg-info/top_level.txt
reading manifest file '../build/joy_can/joy_can.egg-info/SOURCES.txt'
writing manifest file '../build/joy_can/joy_can.egg-info/SOURCES.txt'
running build
running build_py
creating /home/kohki/HONROBO_WS/joy_can/build/joy_can/build
creating /home/kohki/HONROBO_WS/joy_can/build/joy_can/build/lib
creating /home/kohki/HONROBO_WS/joy_can/build/joy_can/build/lib/joy_can
copying joy_can/__init__.py -> /home/kohki/HONROBO_WS/joy_can/build/joy_can/build/lib/joy_can
copying joy_can/joy_can.py -> /home/kohki/HONROBO_WS/joy_can/build/joy_can/build/lib/joy_can
copying joy_can/UsbCan.py -> /home/kohki/HONROBO_WS/joy_can/build/joy_can/build/lib/joy_can
running install
running install_lib
creating /home/kohki/HONROBO_WS/joy_can/install/joy_can/lib/python3.10/site-packages/joy_can
copying /home/kohki/HONROBO_WS/joy_can/build/joy_can/build/lib/joy_can/__init__.py -> /home/kohki/HONROBO_WS/joy_can/install/joy_can/lib/python3.10/site-packages/joy_can
copying /home/kohki/HONROBO_WS/joy_can/build/joy_can/build/lib/joy_can/joy_can.py -> /home/kohki/HONROBO_WS/joy_can/install/joy_can/lib/python3.10/site-packages/joy_can
copying /home/kohki/HONROBO_WS/joy_can/build/joy_can/build/lib/joy_can/UsbCan.py -> /home/kohki/HONROBO_WS/joy_can/install/joy_can/lib/python3.10/site-packages/joy_can
byte-compiling /home/kohki/HONROBO_WS/joy_can/install/joy_can/lib/python3.10/site-packages/joy_can/__init__.py to __init__.cpython-310.pyc
byte-compiling /home/kohki/HONROBO_WS/joy_can/install/joy_can/lib/python3.10/site-packages/joy_can/joy_can.py to joy_can.cpython-310.pyc
byte-compiling /home/kohki/HONROBO_WS/joy_can/install/joy_can/lib/python3.10/site-packages/joy_can/UsbCan.py to UsbCan.cpython-310.pyc
running install_data
creating /home/kohki/HONROBO_WS/joy_can/install/joy_can/share/ament_index
creating /home/kohki/HONROBO_WS/joy_can/install/joy_can/share/ament_index/resource_index
creating /home/kohki/HONROBO_WS/joy_can/install/joy_can/share/ament_index/resource_index/packages
copying resource/joy_can -> /home/kohki/HONROBO_WS/joy_can/install/joy_can/share/ament_index/resource_index/packages
copying package.xml -> /home/kohki/HONROBO_WS/joy_can/install/joy_can/share/joy_can
running install_egg_info
Copying ../build/joy_can/joy_can.egg-info to /home/kohki/HONROBO_WS/joy_can/install/joy_can/lib/python3.10/site-packages/joy_can-0.0.0-py3.10.egg-info
running install_scripts
Installing joy_can script to /home/kohki/HONROBO_WS/joy_can/install/joy_can/lib/joy_can
writing list of installed files to '/home/kohki/HONROBO_WS/joy_can/build/joy_can/install.log'
