[0.391s] Invoking command in '/home/kohki/HONROBO_WS/joy_can/joy_can': PYTHONPATH=/home/kohki/HONROBO_WS/joy_can/build/joy_can/prefix_override:/home/kohki/HONROBO_WS/joy_can/install/joy_can/lib/python3.10/site-packages:${PYTHONPATH} /usr/bin/python3 setup.py egg_info --egg-base ../build/joy_can build --build-base /home/kohki/HONROBO_WS/joy_can/build/joy_can/build install --record /home/kohki/HONROBO_WS/joy_can/build/joy_can/install.log --single-version-externally-managed
[0.544s] running egg_info
[0.544s] writing ../build/joy_can/joy_can.egg-info/PKG-INFO
[0.545s] writing dependency_links to ../build/joy_can/joy_can.egg-info/dependency_links.txt
[0.545s] writing entry points to ../build/joy_can/joy_can.egg-info/entry_points.txt
[0.545s] writing requirements to ../build/joy_can/joy_can.egg-info/requires.txt
[0.545s] writing top-level names to ../build/joy_can/joy_can.egg-info/top_level.txt
[0.546s] reading manifest file '../build/joy_can/joy_can.egg-info/SOURCES.txt'
[0.547s] writing manifest file '../build/joy_can/joy_can.egg-info/SOURCES.txt'
[0.547s] running build
[0.547s] running build_py
[0.547s] creating /home/kohki/HONROBO_WS/joy_can/build/joy_can/build
[0.547s] creating /home/kohki/HONROBO_WS/joy_can/build/joy_can/build/lib
[0.547s] creating /home/kohki/HONROBO_WS/joy_can/build/joy_can/build/lib/joy_can
[0.547s] copying joy_can/__init__.py -> /home/kohki/HONROBO_WS/joy_can/build/joy_can/build/lib/joy_can
[0.547s] copying joy_can/joy_can.py -> /home/kohki/HONROBO_WS/joy_can/build/joy_can/build/lib/joy_can
[0.547s] copying joy_can/UsbCan.py -> /home/kohki/HONROBO_WS/joy_can/build/joy_can/build/lib/joy_can
[0.547s] running install
[0.547s] running install_lib
[0.548s] creating /home/kohki/HONROBO_WS/joy_can/install/joy_can/lib/python3.10/site-packages/joy_can
[0.548s] copying /home/kohki/HONROBO_WS/joy_can/build/joy_can/build/lib/joy_can/__init__.py -> /home/kohki/HONROBO_WS/joy_can/install/joy_can/lib/python3.10/site-packages/joy_can
[0.548s] copying /home/kohki/HONROBO_WS/joy_can/build/joy_can/build/lib/joy_can/joy_can.py -> /home/kohki/HONROBO_WS/joy_can/install/joy_can/lib/python3.10/site-packages/joy_can
[0.548s] copying /home/kohki/HONROBO_WS/joy_can/build/joy_can/build/lib/joy_can/UsbCan.py -> /home/kohki/HONROBO_WS/joy_can/install/joy_can/lib/python3.10/site-packages/joy_can
[0.548s] byte-compiling /home/kohki/HONROBO_WS/joy_can/install/joy_can/lib/python3.10/site-packages/joy_can/__init__.py to __init__.cpython-310.pyc
[0.548s] byte-compiling /home/kohki/HONROBO_WS/joy_can/install/joy_can/lib/python3.10/site-packages/joy_can/joy_can.py to joy_can.cpython-310.pyc
[0.549s] byte-compiling /home/kohki/HONROBO_WS/joy_can/install/joy_can/lib/python3.10/site-packages/joy_can/UsbCan.py to UsbCan.cpython-310.pyc
[0.549s] running install_data
[0.549s] creating /home/kohki/HONROBO_WS/joy_can/install/joy_can/share/ament_index
[0.549s] creating /home/kohki/HONROBO_WS/joy_can/install/joy_can/share/ament_index/resource_index
[0.549s] creating /home/kohki/HONROBO_WS/joy_can/install/joy_can/share/ament_index/resource_index/packages
[0.549s] copying resource/joy_can -> /home/kohki/HONROBO_WS/joy_can/install/joy_can/share/ament_index/resource_index/packages
[0.549s] copying package.xml -> /home/kohki/HONROBO_WS/joy_can/install/joy_can/share/joy_can
[0.550s] running install_egg_info
[0.550s] Copying ../build/joy_can/joy_can.egg-info to /home/kohki/HONROBO_WS/joy_can/install/joy_can/lib/python3.10/site-packages/joy_can-0.0.0-py3.10.egg-info
[0.551s] running install_scripts
[0.564s] Installing joy_can script to /home/kohki/HONROBO_WS/joy_can/install/joy_can/lib/joy_can
[0.564s] writing list of installed files to '/home/kohki/HONROBO_WS/joy_can/build/joy_can/install.log'
[0.584s] Invoked command in '/home/kohki/HONROBO_WS/joy_can/joy_can' returned '0': PYTHONPATH=/home/kohki/HONROBO_WS/joy_can/build/joy_can/prefix_override:/home/kohki/HONROBO_WS/joy_can/install/joy_can/lib/python3.10/site-packages:${PYTHONPATH} /usr/bin/python3 setup.py egg_info --egg-base ../build/joy_can build --build-base /home/kohki/HONROBO_WS/joy_can/build/joy_can/build install --record /home/kohki/HONROBO_WS/joy_can/build/joy_can/install.log --single-version-externally-managed
