[0.455s] Invoking command in '/home/kohki/HONROBO_WS/joy_can/joy_can': PYTHONPATH=/home/kohki/HONROBO_WS/build/joy_can/prefix_override:/home/kohki/HONROBO_WS/install/joy_can/lib/python3.10/site-packages:${PYTHONPATH} /usr/bin/python3 setup.py egg_info --egg-base ../../build/joy_can build --build-base /home/kohki/HONROBO_WS/build/joy_can/build install --record /home/kohki/HONROBO_WS/build/joy_can/install.log --single-version-externally-managed
[0.672s] running egg_info
[0.672s] writing ../../build/joy_can/joy_can.egg-info/PKG-INFO
[0.672s] writing dependency_links to ../../build/joy_can/joy_can.egg-info/dependency_links.txt
[0.672s] writing entry points to ../../build/joy_can/joy_can.egg-info/entry_points.txt
[0.672s] writing requirements to ../../build/joy_can/joy_can.egg-info/requires.txt
[0.672s] writing top-level names to ../../build/joy_can/joy_can.egg-info/top_level.txt
[0.674s] reading manifest file '../../build/joy_can/joy_can.egg-info/SOURCES.txt'
[0.675s] writing manifest file '../../build/joy_can/joy_can.egg-info/SOURCES.txt'
[0.675s] running build
[0.675s] running build_py
[0.675s] copying joy_can/joy_can.py -> /home/kohki/HONROBO_WS/build/joy_can/build/lib/joy_can
[0.675s] running install
[0.675s] running install_lib
[0.676s] copying /home/kohki/HONROBO_WS/build/joy_can/build/lib/joy_can/joy_can.py -> /home/kohki/HONROBO_WS/install/joy_can/lib/python3.10/site-packages/joy_can
[0.676s] byte-compiling /home/kohki/HONROBO_WS/install/joy_can/lib/python3.10/site-packages/joy_can/joy_can.py to joy_can.cpython-310.pyc
[0.677s] running install_data
[0.678s] running install_egg_info
[0.679s] removing '/home/kohki/HONROBO_WS/install/joy_can/lib/python3.10/site-packages/joy_can-0.0.0-py3.10.egg-info' (and everything under it)
[0.679s] Copying ../../build/joy_can/joy_can.egg-info to /home/kohki/HONROBO_WS/install/joy_can/lib/python3.10/site-packages/joy_can-0.0.0-py3.10.egg-info
[0.680s] running install_scripts
[0.693s] Installing joy_can script to /home/kohki/HONROBO_WS/install/joy_can/lib/joy_can
[0.693s] writing list of installed files to '/home/kohki/HONROBO_WS/build/joy_can/install.log'
[0.713s] Invoked command in '/home/kohki/HONROBO_WS/joy_can/joy_can' returned '0': PYTHONPATH=/home/kohki/HONROBO_WS/build/joy_can/prefix_override:/home/kohki/HONROBO_WS/install/joy_can/lib/python3.10/site-packages:${PYTHONPATH} /usr/bin/python3 setup.py egg_info --egg-base ../../build/joy_can build --build-base /home/kohki/HONROBO_WS/build/joy_can/build install --record /home/kohki/HONROBO_WS/build/joy_can/install.log --single-version-externally-managed
